WARNING: Visual Leak Detector detected memory leaks!
---------- Block 1 at 0x000000008459FA10: 800 bytes ----------
  Leak Hash: 0xA1423E0E, Count: 1, Total 800 bytes
  Call Stack (TID 7760):
    ucrtbase.dll!malloc_base()
    f:\dd\vctools\crt\vcstartup\src\heap\new_scalar.cpp (19): memory_leak.exe!operator new() + 0x8 bytes
    d:\@private\@git\my_cpp_way\code\memory_sln\memory_leak\my_experience.cpp (15): memory_leak.exe!memory_leak()
    d:\@private\@git\my_cpp_way\code\memory_sln\memory_leak\memory_leak.cpp (10): memory_leak.exe!main()
    f:\dd\vctools\crt\vcstartup\src\startup\exe_common.inl (253): memory_leak.exe!__scrt_common_main_seh() + 0x22 bytes
    KERNEL32.DLL!BaseThreadInitThunk() + 0x14 bytes
    ntdll.dll!RtlUserThreadStart() + 0x21 bytes
  Data:
    00 00 00 00    00 00 69 40    B0 79 58 84    65 02 00 00     ......i@ .yX.e...
    00 00 00 00    00 00 00 00    00 00 00 00    00 00 00 00     ........ ........
    00 00 00 00    00 00 00 00    00 00 00 00    00 00 00 00     ........ ........
    00 00 00 00    00 00 00 00    00 00 00 00    00 00 00 00     ........ ........
    00 00 00 00    00 00 00 00    00 00 00 00    00 00 00 00     ........ ........
    00 00 00 00    00 00 00 00    00 00 00 00    00 00 00 00     ........ ........
    00 00 00 00    00 00 00 00    00 00 00 00    00 00 00 00     ........ ........
    00 00 00 00    00 00 00 00    00 00 00 00    00 00 00 00     ........ ........
    00 00 00 00    00 00 00 00    00 00 00 00    00 00 00 00     ........ ........
    00 00 00 00    00 00 00 00    00 00 00 00    00 00 00 00     ........ ........
    00 00 00 00    00 00 00 00    00 00 00 00    00 00 00 00     ........ ........
    00 00 00 00    00 00 00 00    00 00 00 00    00 00 00 00     ........ ........
    00 00 00 00    00 00 00 00    00 00 00 00    00 00 00 00     ........ ........
    00 00 00 00    00 00 00 00    00 00 00 00    00 00 00 00     ........ ........
    00 00 00 00    00 00 00 00    00 00 00 00    00 00 00 00     ........ ........
    00 00 00 00    00 00 00 00    00 00 00 00    00 00 00 00     ........ ........


Visual Leak Detector detected 1 memory leak (800 bytes).
Largest number used: 800 bytes.
Total allocations: 800 bytes.
Visual Leak Detector is now exiting.
